#
# There is insufficient memory for the Java Runtime Environment to continue.
# Native memory allocation (malloc) failed to allocate 1126656 bytes for Chunk::new
# Possible reasons:
#   The system is out of physical RAM or swap space
#   The process is running with CompressedOops enabled, and the Java Heap may be blocking the growth of the native heap
# Possible solutions:
#   Reduce memory load on the system
#   Increase physical memory or swap space
#   Check if swap backing store is full
#   Decrease Java heap size (-Xmx/-Xms)
#   Decrease number of Java threads
#   Decrease Java thread stack sizes (-Xss)
#   Set larger code cache with -XX:ReservedCodeCacheSize=
#   JVM is running with Unscaled Compressed Oops mode in which the Java heap is
#     placed in the first 4GB address space. The Java Heap base address is the
#     maximum limit for the native heap growth. Please use -XX:HeapBaseMinAddress
#     to set the Java Heap base and to place the Java Heap above 4GB virtual address.
# This output file may be truncated or incomplete.
#
#  Out of Memory Error (./src/hotspot/share/memory/arena.cpp:197), pid=17092, tid=15212
#
# JRE version: OpenJDK Runtime Environment (11.0.12+7) (build 11.0.12+7-b1504.28-7817840)
# Java VM: OpenJDK 64-Bit Server VM (11.0.12+7-b1504.28-7817840, mixed mode, tiered, compressed oops, g1 gc, windows-amd64)
# No core dump will be written. Minidumps are not enabled by default on client versions of Windows
#

---------------  S U M M A R Y ------------

Command Line: --add-opens=java.base/java.util=ALL-UNNAMED --add-opens=java.base/java.lang=ALL-UNNAMED --add-opens=java.base/java.lang.invoke=ALL-UNNAMED --add-opens=java.base/java.util=ALL-UNNAMED --add-opens=java.prefs/java.util.prefs=ALL-UNNAMED --add-opens=java.prefs/java.util.prefs=ALL-UNNAMED --add-opens=java.base/java.nio.charset=ALL-UNNAMED --add-opens=java.base/java.net=ALL-UNNAMED --add-opens=java.base/java.util.concurrent.atomic=ALL-UNNAMED -Xmx2048m -Dfile.encoding=UTF-8 -Duser.country=CA -Duser.language=en -Duser.variant org.gradle.launcher.daemon.bootstrap.GradleDaemon 7.3.3

Host: Intel(R) Core(TM) i7-8500Y CPU @ 1.50GHz, 4 cores, 7G,  Windows 10 , 64 bit Build 19041 (10.0.19041.1706)
Time: Mon May 30 18:20:57 2022 Eastern Daylight Time elapsed time: 27.625444 seconds (0d 0h 0m 27s)

---------------  T H R E A D  ---------------

Current thread (0x00000227a90a4800):  JavaThread "C2 CompilerThread0" daemon [_thread_in_native, id=15212, stack(0x000000efb7800000,0x000000efb7900000)]


Current CompileTask:
C2:  27625 9767       4       org.gradle.api.internal.tasks.compile.incremental.serialization.HierarchicalNameSerializer::readName (51 bytes)

Stack: [0x000000efb7800000,0x000000efb7900000]
Native frames: (J=compiled Java code, j=interpreted, Vv=VM code, C=native code)
V  [jvm.dll+0x5fbcea]
V  [jvm.dll+0x731905]
V  [jvm.dll+0x732f1d]
V  [jvm.dll+0x7335d3]
V  [jvm.dll+0x247bf8]
V  [jvm.dll+0xc018c]
V  [jvm.dll+0xc06cc]
V  [jvm.dll+0x2bcc04]
V  [jvm.dll+0x5113a8]
V  [jvm.dll+0x208303]
V  [jvm.dll+0x201fe0]
V  [jvm.dll+0x1ff71f]
V  [jvm.dll+0x18868c]
V  [jvm.dll+0x20e0d7]
V  [jvm.dll+0x20c901]
V  [jvm.dll+0x6f9b7f]
V  [jvm.dll+0x6f26a5]
V  [jvm.dll+0x5fabf6]
C  [ucrtbase.dll+0x21bb2]
C  [KERNEL32.DLL+0x17034]
C  [ntdll.dll+0x52651]


---------------  P R O C E S S  ---------------

Threads class SMR info:
_java_thread_list=0x00000227ab26f100, length=89, elements={
0x000002278d50e800, 0x00000227a9081000, 0x00000227a9082800, 0x00000227a909c800,
0x00000227a909d800, 0x00000227a909f800, 0x00000227a90a4800, 0x00000227a90a5800,
0x00000227a90cc800, 0x00000227a9b49800, 0x00000227ac057000, 0x00000227ad16b000,
0x00000227aced7800, 0x00000227acbbc800, 0x00000227ad1fa800, 0x00000227ac17d800,
0x00000227ac17e000, 0x00000227acbb7800, 0x00000227acc20800, 0x00000227acccc000,
0x00000227accc9000, 0x00000227accca800, 0x00000227acccb800, 0x00000227acccf800,
0x00000227accce800, 0x00000227accc9800, 0x00000227acccd000, 0x00000227accce000,
0x00000227ad5c7000, 0x00000227ad5c8800, 0x00000227ad5c6800, 0x00000227ad5cd000,
0x00000227ad5cb000, 0x00000227ad5c9800, 0x00000227ad5cd800, 0x00000227ad5c8000,
0x00000227ad5d0000, 0x00000227ad5d1800, 0x00000227ad5d1000, 0x00000227ad5ce800,
0x00000227ad5d2800, 0x00000227ad5d3800, 0x00000227ad5d4000, 0x00000227ad5d5000,
0x00000227ad5cf800, 0x00000227ac06a800, 0x00000227ac06b800, 0x00000227ac06c800,
0x00000227ac068000, 0x00000227ac06d000, 0x00000227ac06e800, 0x00000227ac06a000,
0x00000227ac06e000, 0x00000227ac069000, 0x00000227ac073000, 0x00000227ac073800,
0x00000227ac075000, 0x00000227ac074800, 0x00000227ac06f800, 0x00000227ac076000,
0x00000227ac070800, 0x00000227ac077000, 0x00000227ac071000, 0x00000227ac072000,
0x00000227ac33b000, 0x00000227ac33f000, 0x00000227ac33d800, 0x00000227ac33d000,
0x00000227ac33c000, 0x00000227ac339800, 0x00000227ac33e800, 0x00000227ac340000,
0x00000227ac33a800, 0x00000227ac342800, 0x00000227ac343800, 0x00000227ac344000,
0x00000227ac341800, 0x00000227ac345000, 0x00000227ac346800, 0x00000227ac341000,
0x00000227ac347800, 0x00000227ac348000, 0x00000227b2f66800, 0x00000227b2f68800,
0x00000227b2f6b000, 0x00000227b2f6a800, 0x00000227b2f6c000, 0x00000227b2f68000,
0x00000227af3ea000
}

Java Threads: ( => current thread )
  0x000002278d50e800 JavaThread "main" [_thread_blocked, id=15132, stack(0x000000efb6c00000,0x000000efb6d00000)]
  0x00000227a9081000 JavaThread "Reference Handler" daemon [_thread_blocked, id=3788, stack(0x000000efb7300000,0x000000efb7400000)]
  0x00000227a9082800 JavaThread "Finalizer" daemon [_thread_blocked, id=18128, stack(0x000000efb7400000,0x000000efb7500000)]
  0x00000227a909c800 JavaThread "Signal Dispatcher" daemon [_thread_blocked, id=6220, stack(0x000000efb7500000,0x000000efb7600000)]
  0x00000227a909d800 JavaThread "Attach Listener" daemon [_thread_blocked, id=17184, stack(0x000000efb7600000,0x000000efb7700000)]
  0x00000227a909f800 JavaThread "Service Thread" daemon [_thread_blocked, id=584, stack(0x000000efb7700000,0x000000efb7800000)]
=>0x00000227a90a4800 JavaThread "C2 CompilerThread0" daemon [_thread_in_native, id=15212, stack(0x000000efb7800000,0x000000efb7900000)]
  0x00000227a90a5800 JavaThread "C1 CompilerThread0" daemon [_thread_blocked, id=12844, stack(0x000000efb7900000,0x000000efb7a00000)]
  0x00000227a90cc800 JavaThread "Sweeper thread" daemon [_thread_blocked, id=6132, stack(0x000000efb7a00000,0x000000efb7b00000)]
  0x00000227a9b49800 JavaThread "Common-Cleaner" daemon [_thread_blocked, id=11896, stack(0x000000efb7b00000,0x000000efb7c00000)]
  0x00000227ac057000 JavaThread "Daemon health stats" [_thread_blocked, id=15424, stack(0x000000efb8000000,0x000000efb8100000)]
  0x00000227ad16b000 JavaThread "Incoming local TCP Connector on port 58819" [_thread_in_native, id=16052, stack(0x000000efb7d00000,0x000000efb7e00000)]
  0x00000227aced7800 JavaThread "Daemon periodic checks" [_thread_blocked, id=6396, stack(0x000000efb8100000,0x000000efb8200000)]
  0x00000227acbbc800 JavaThread "Daemon" [_thread_blocked, id=2164, stack(0x000000efb8200000,0x000000efb8300000)]
  0x00000227ad1fa800 JavaThread "Handler for socket connection from /127.0.0.1:58819 to /127.0.0.1:58820" [_thread_in_native, id=2100, stack(0x000000efb8300000,0x000000efb8400000)]
  0x00000227ac17d800 JavaThread "Cancel handler" [_thread_blocked, id=5040, stack(0x000000efb8400000,0x000000efb8500000)]
  0x00000227ac17e000 JavaThread "Daemon worker" [_thread_blocked, id=5876, stack(0x000000efb8500000,0x000000efb8600000)]
  0x00000227acbb7800 JavaThread "Asynchronous log dispatcher for DefaultDaemonConnection: socket connection from /127.0.0.1:58819 to /127.0.0.1:58820" [_thread_blocked, id=13392, stack(0x000000efb8600000,0x000000efb8700000)]
  0x00000227acc20800 JavaThread "Stdin handler" [_thread_blocked, id=12940, stack(0x000000efb8700000,0x000000efb8800000)]
  0x00000227acccc000 JavaThread "Daemon client event forwarder" [_thread_blocked, id=10548, stack(0x000000efb8800000,0x000000efb8900000)]
  0x00000227accc9000 JavaThread "Cache worker for journal cache (C:\Users\kasra\.gradle\caches\journal-1)" [_thread_blocked, id=17600, stack(0x000000efb8a00000,0x000000efb8b00000)]
  0x00000227accca800 JavaThread "File lock request listener" [_thread_in_native, id=6048, stack(0x000000efb8b00000,0x000000efb8c00000)]
  0x00000227acccb800 JavaThread "Cache worker for file hash cache (C:\Users\kasra\.gradle\caches\7.3.3\fileHashes)" [_thread_blocked, id=9728, stack(0x000000efb8c00000,0x000000efb8d00000)]
  0x00000227acccf800 JavaThread "Cache worker for file hash cache (C:\Users\kasra\AndroidStudioProjects\MyRestaurant\.gradle\7.3.3\fileHashes)" [_thread_blocked, id=11064, stack(0x000000efb8e00000,0x000000efb8f00000)]
  0x00000227accce800 JavaThread "File watcher server" daemon [_thread_in_native, id=17652, stack(0x000000efb8f00000,0x000000efb9000000)]
  0x00000227accc9800 JavaThread "File watcher consumer" daemon [_thread_blocked, id=17376, stack(0x000000efb9000000,0x000000efb9100000)]
  0x00000227acccd000 JavaThread "Cache worker for checksums cache (C:\Users\kasra\AndroidStudioProjects\MyRestaurant\.gradle\7.3.3\checksums)" [_thread_blocked, id=4488, stack(0x000000efb9100000,0x000000efb9200000)]
  0x00000227accce000 JavaThread "Cache worker for cache directory md-supplier (C:\Users\kasra\.gradle\caches\7.3.3\md-supplier)" [_thread_blocked, id=7112, stack(0x000000efb9200000,0x000000efb9300000)]
  0x00000227ad5c7000 JavaThread "Cache worker for cache directory md-rule (C:\Users\kasra\.gradle\caches\7.3.3\md-rule)" [_thread_blocked, id=4432, stack(0x000000efb9300000,0x000000efb9400000)]
  0x00000227ad5c8800 JavaThread "Cache worker for execution history cache (C:\Users\kasra\.gradle\caches\7.3.3\executionHistory)" [_thread_blocked, id=6392, stack(0x000000efb9400000,0x000000efb9500000)]
  0x00000227ad5c6800 JavaThread "jar transforms" [_thread_blocked, id=15776, stack(0x000000efb9500000,0x000000efb9600000)]
  0x00000227ad5cd000 JavaThread "Cache worker for file content cache (C:\Users\kasra\.gradle\caches\7.3.3\fileContent)" [_thread_blocked, id=5504, stack(0x000000efb9600000,0x000000efb9700000)]
  0x00000227ad5cb000 JavaThread "jar transforms Thread 2" [_thread_blocked, id=1452, stack(0x000000efb9700000,0x000000efb9800000)]
  0x00000227ad5c9800 JavaThread "Cache worker for dependencies-accessors (C:\Users\kasra\AndroidStudioProjects\MyRestaurant\.gradle\7.3.3\dependencies-accessors)" [_thread_blocked, id=16820, stack(0x000000efb9800000,0x000000efb9900000)]
  0x00000227ad5cd800 JavaThread "jar transforms Thread 3" [_thread_blocked, id=13944, stack(0x000000efb9900000,0x000000efb9a00000)]
  0x00000227ad5c8000 JavaThread "Cache worker for Build Output Cleanup Cache (C:\Users\kasra\AndroidStudioProjects\MyRestaurant\.gradle\buildOutputCleanup)" [_thread_blocked, id=1184, stack(0x000000efb8d00000,0x000000efb8e00000)]
  0x00000227ad5d0000 JavaThread "Unconstrained build operations" [_thread_blocked, id=16868, stack(0x000000efb9a00000,0x000000efb9b00000)]
  0x00000227ad5d1800 JavaThread "Unconstrained build operations Thread 2" [_thread_blocked, id=1636, stack(0x000000efb9b00000,0x000000efb9c00000)]
  0x00000227ad5d1000 JavaThread "Unconstrained build operations Thread 3" [_thread_blocked, id=6892, stack(0x000000efb9c00000,0x000000efb9d00000)]
  0x00000227ad5ce800 JavaThread "Unconstrained build operations Thread 4" [_thread_blocked, id=12484, stack(0x000000efb9d00000,0x000000efb9e00000)]
  0x00000227ad5d2800 JavaThread "Unconstrained build operations Thread 5" [_thread_blocked, id=13400, stack(0x000000efb9e00000,0x000000efb9f00000)]
  0x00000227ad5d3800 JavaThread "Unconstrained build operations Thread 6" [_thread_blocked, id=15788, stack(0x000000efb9f00000,0x000000efba000000)]
  0x00000227ad5d4000 JavaThread "Unconstrained build operations Thread 7" [_thread_blocked, id=13200, stack(0x000000efba000000,0x000000efba100000)]
  0x00000227ad5d5000 JavaThread "Unconstrained build operations Thread 8" [_thread_blocked, id=16744, stack(0x000000efba100000,0x000000efba200000)]
  0x00000227ad5cf800 JavaThread "Unconstrained build operations Thread 9" [_thread_blocked, id=14496, stack(0x000000efba200000,0x000000efba300000)]
  0x00000227ac06a800 JavaThread "Unconstrained build operations Thread 10" [_thread_blocked, id=11996, stack(0x000000efba300000,0x000000efba400000)]
  0x00000227ac06b800 JavaThread "Unconstrained build operations Thread 11" [_thread_blocked, id=10408, stack(0x000000efba400000,0x000000efba500000)]
  0x00000227ac06c800 JavaThread "Unconstrained build operations Thread 12" [_thread_blocked, id=17560, stack(0x000000efba500000,0x000000efba600000)]
  0x00000227ac068000 JavaThread "Unconstrained build operations Thread 13" [_thread_blocked, id=2808, stack(0x000000efba600000,0x000000efba700000)]
  0x00000227ac06d000 JavaThread "Unconstrained build operations Thread 14" [_thread_blocked, id=9376, stack(0x000000efba700000,0x000000efba800000)]
  0x00000227ac06e800 JavaThread "Unconstrained build operations Thread 15" [_thread_blocked, id=6520, stack(0x000000efba800000,0x000000efba900000)]
  0x00000227ac06a000 JavaThread "Unconstrained build operations Thread 16" [_thread_blocked, id=13584, stack(0x000000efba900000,0x000000efbaa00000)]
  0x00000227ac06e000 JavaThread "Unconstrained build operations Thread 17" [_thread_blocked, id=12692, stack(0x000000efbaa00000,0x000000efbab00000)]
  0x00000227ac069000 JavaThread "Unconstrained build operations Thread 18" [_thread_blocked, id=5036, stack(0x000000efbab00000,0x000000efbac00000)]
  0x00000227ac073000 JavaThread "Unconstrained build operations Thread 19" [_thread_blocked, id=12972, stack(0x000000efbac00000,0x000000efbad00000)]
  0x00000227ac073800 JavaThread "Unconstrained build operations Thread 20" [_thread_blocked, id=9540, stack(0x000000efbad00000,0x000000efbae00000)]
  0x00000227ac075000 JavaThread "Unconstrained build operations Thread 21" [_thread_blocked, id=14524, stack(0x000000efbae00000,0x000000efbaf00000)]
  0x00000227ac074800 JavaThread "Unconstrained build operations Thread 22" [_thread_blocked, id=8572, stack(0x000000efbaf00000,0x000000efbb000000)]
  0x00000227ac06f800 JavaThread "Unconstrained build operations Thread 23" [_thread_blocked, id=7648, stack(0x000000efbb000000,0x000000efbb100000)]
  0x00000227ac076000 JavaThread "Unconstrained build operations Thread 24" [_thread_blocked, id=9520, stack(0x000000efbb100000,0x000000efbb200000)]
  0x00000227ac070800 JavaThread "Unconstrained build operations Thread 25" [_thread_blocked, id=12888, stack(0x000000efbb200000,0x000000efbb300000)]
  0x00000227ac077000 JavaThread "Unconstrained build operations Thread 26" [_thread_blocked, id=12340, stack(0x000000efbb300000,0x000000efbb400000)]
  0x00000227ac071000 JavaThread "Unconstrained build operations Thread 27" [_thread_blocked, id=1280, stack(0x000000efbb400000,0x000000efbb500000)]
  0x00000227ac072000 JavaThread "Unconstrained build operations Thread 28" [_thread_blocked, id=1580, stack(0x000000efbb500000,0x000000efbb600000)]
  0x00000227ac33b000 JavaThread "Unconstrained build operations Thread 29" [_thread_blocked, id=18188, stack(0x000000efbb600000,0x000000efbb700000)]
  0x00000227ac33f000 JavaThread "Unconstrained build operations Thread 30" [_thread_blocked, id=8444, stack(0x000000efbb700000,0x000000efbb800000)]
  0x00000227ac33d800 JavaThread "Unconstrained build operations Thread 31" [_thread_blocked, id=6120, stack(0x000000efbb800000,0x000000efbb900000)]
  0x00000227ac33d000 JavaThread "Unconstrained build operations Thread 32" [_thread_blocked, id=18052, stack(0x000000efbb900000,0x000000efbba00000)]
  0x00000227ac33c000 JavaThread "Unconstrained build operations Thread 33" [_thread_blocked, id=5492, stack(0x000000efbba00000,0x000000efbbb00000)]
  0x00000227ac339800 JavaThread "Unconstrained build operations Thread 34" [_thread_blocked, id=11844, stack(0x000000efbbb00000,0x000000efbbc00000)]
  0x00000227ac33e800 JavaThread "Unconstrained build operations Thread 35" [_thread_blocked, id=4964, stack(0x000000efbbc00000,0x000000efbbd00000)]
  0x00000227ac340000 JavaThread "Unconstrained build operations Thread 36" [_thread_blocked, id=15760, stack(0x000000efbbd00000,0x000000efbbe00000)]
  0x00000227ac33a800 JavaThread "Unconstrained build operations Thread 37" [_thread_blocked, id=3196, stack(0x000000efbbe00000,0x000000efbbf00000)]
  0x00000227ac342800 JavaThread "Unconstrained build operations Thread 38" [_thread_blocked, id=14364, stack(0x000000efbbf00000,0x000000efbc000000)]
  0x00000227ac343800 JavaThread "Unconstrained build operations Thread 39" [_thread_blocked, id=3924, stack(0x000000efbc000000,0x000000efbc100000)]
  0x00000227ac344000 JavaThread "Unconstrained build operations Thread 40" [_thread_blocked, id=16640, stack(0x000000efbc100000,0x000000efbc200000)]
  0x00000227ac341800 JavaThread "jar transforms Thread 4" [_thread_blocked, id=12308, stack(0x000000efbc200000,0x000000efbc300000)]
  0x00000227ac345000 JavaThread "Memory manager" [_thread_blocked, id=10372, stack(0x000000efbc300000,0x000000efbc400000)]
  0x00000227ac346800 JavaThread "build event listener" [_thread_blocked, id=14688, stack(0x000000efbc500000,0x000000efbc600000)]
  0x00000227ac341000 JavaThread "Execution worker for ':'" [_thread_in_native, id=6440, stack(0x000000efbc600000,0x000000efbc700000)]
  0x00000227ac347800 JavaThread "Execution worker for ':' Thread 2" [_thread_blocked, id=10360, stack(0x000000efbc700000,0x000000efbc800000)]
  0x00000227ac348000 JavaThread "Execution worker for ':' Thread 3" [_thread_blocked, id=13324, stack(0x000000efbc800000,0x000000efbc900000)]
  0x00000227b2f66800 JavaThread "Cache worker for execution history cache (C:\Users\kasra\AndroidStudioProjects\MyRestaurant\.gradle\7.3.3\executionHistory)" [_thread_blocked, id=16288, stack(0x000000efbc900000,0x000000efbca00000)]
  0x00000227b2f68800 JavaThread "Cache worker for Java compile cache (C:\Users\kasra\.gradle\caches\7.3.3\javaCompile)" [_thread_blocked, id=6812, stack(0x000000efbca00000,0x000000efbcb00000)]
  0x00000227b2f6b000 JavaThread "Build operations" [_thread_blocked, id=15592, stack(0x000000efbc400000,0x000000efbc500000)]
  0x00000227b2f6a800 JavaThread "Build operations Thread 2" [_thread_blocked, id=8440, stack(0x000000efbcb00000,0x000000efbcc00000)]
  0x00000227b2f6c000 JavaThread "Build operations Thread 3" [_thread_blocked, id=13784, stack(0x000000efbcc00000,0x000000efbcd00000)]
  0x00000227b2f68000 JavaThread "Build operations Thread 4" [_thread_blocked, id=800, stack(0x000000efbcd00000,0x000000efbce00000)]
  0x00000227af3ea000 JavaThread "C2 CompilerThread1" daemon [_thread_in_native, id=17944, stack(0x000000efbce00000,0x000000efbcf00000)]

Other Threads:
  0x00000227a907d000 VMThread "VM Thread" [stack: 0x000000efb7200000,0x000000efb7300000] [id=8896]
  0x00000227a9b9a800 WatcherThread [stack: 0x000000efb7c00000,0x000000efb7d00000] [id=17068]
  0x000002278d528000 GCTaskThread "GC Thread#0" [stack: 0x000000efb6d00000,0x000000efb6e00000] [id=18380]
  0x00000227aa09a000 GCTaskThread "GC Thread#1" [stack: 0x000000efb7e00000,0x000000efb7f00000] [id=17720]
  0x00000227aa068000 GCTaskThread "GC Thread#2" [stack: 0x000000efb7f00000,0x000000efb8000000] [id=13328]
  0x00000227ad369000 GCTaskThread "GC Thread#3" [stack: 0x000000efb8900000,0x000000efb8a00000] [id=1692]
  0x000002278d557800 ConcurrentGCThread "G1 Main Marker" [stack: 0x000000efb6e00000,0x000000efb6f00000] [id=4652]
  0x000002278d55a000 ConcurrentGCThread "G1 Conc#0" [stack: 0x000000efb6f00000,0x000000efb7000000] [id=18008]
  0x000002278d5ec800 ConcurrentGCThread "G1 Refine#0" [stack: 0x000000efb7000000,0x000000efb7100000] [id=16120]
  0x000002278d5ed800 ConcurrentGCThread "G1 Young RemSet Sampling" [stack: 0x000000efb7100000,0x000000efb7200000] [id=16940]

Threads with active compile tasks:
C2 CompilerThread0  27673 9767       4       org.gradle.api.internal.tasks.compile.incremental.serialization.HierarchicalNameSerializer::readName (51 bytes)
C2 CompilerThread1  27673 9783       4       org.gradle.api.internal.tasks.compile.incremental.serialization.HierarchicalNameSerializer::readFirstOccurrenceOfName (60 bytes)

VM state:not at safepoint (normal execution)

VM Mutex/Monitor currently owned by a thread: None

Heap address: 0x0000000080000000, size: 2048 MB, Compressed Oops mode: 32-bit
Narrow klass base: 0x0000000000000000, Narrow klass shift: 3
Compressed class space size: 1073741824 Address: 0x0000000100000000

Heap:
 garbage-first heap   total 157696K, used 121196K [0x0000000080000000, 0x0000000100000000)
  region size 1024K, 64 young (65536K), 9 survivors (9216K)
 Metaspace       used 83545K, capacity 85675K, committed 85932K, reserved 1124352K
  class space    used 10903K, capacity 11686K, committed 11776K, reserved 1048576K
Heap Regions: E=young(eden), S=young(survivor), O=old, HS=humongous(starts), HC=humongous(continues), CS=collection set, F=free, A=archive, TAMS=top-at-mark-start (previous, next)
|   0|0x0000000080000000, 0x0000000080100000, 0x0000000080100000|100%| O|  |TAMS 0x0000000080100000, 0x0000000080000000| Untracked 
|   1|0x0000000080100000, 0x0000000080200000, 0x0000000080200000|100%| O|  |TAMS 0x0000000080200000, 0x0000000080100000| Untracked 
|   2|0x0000000080200000, 0x0000000080300000, 0x0000000080300000|100%| O|  |TAMS 0x0000000080300000, 0x0000000080200000| Untracked 
|   3|0x0000000080300000, 0x0000000080400000, 0x0000000080400000|100%|HS|  |TAMS 0x0000000080400000, 0x0000000080300000| Complete 
|   4|0x0000000080400000, 0x0000000080500000, 0x0000000080500000|100%|HC|  |TAMS 0x0000000080500000, 0x0000000080400000| Complete 
|   5|0x0000000080500000, 0x0000000080600000, 0x0000000080600000|100%|HC|  |TAMS 0x0000000080600000, 0x0000000080500000| Complete 
|   6|0x0000000080600000, 0x0000000080700000, 0x0000000080700000|100%| O|  |TAMS 0x0000000080700000, 0x0000000080600000| Untracked 
|   7|0x0000000080700000, 0x0000000080800000, 0x0000000080800000|100%| O|  |TAMS 0x0000000080800000, 0x0000000080700000| Untracked 
|   8|0x0000000080800000, 0x0000000080900000, 0x0000000080900000|100%| O|  |TAMS 0x0000000080900000, 0x0000000080800000| Untracked 
|   9|0x0000000080900000, 0x0000000080a00000, 0x0000000080a00000|100%| O|  |TAMS 0x0000000080a00000, 0x0000000080900000| Untracked 
|  10|0x0000000080a00000, 0x0000000080b00000, 0x0000000080b00000|100%| O|  |TAMS 0x0000000080b00000, 0x0000000080a00000| Untracked 
|  11|0x0000000080b00000, 0x0000000080c00000, 0x0000000080c00000|100%| O|  |TAMS 0x0000000080c00000, 0x0000000080b00000| Untracked 
|  12|0x0000000080c00000, 0x0000000080d00000, 0x0000000080d00000|100%| O|  |TAMS 0x0000000080d00000, 0x0000000080c00000| Untracked 
|  13|0x0000000080d00000, 0x0000000080e00000, 0x0000000080e00000|100%| O|  |TAMS 0x0000000080e00000, 0x0000000080d00000| Untracked 
|  14|0x0000000080e00000, 0x0000000080f00000, 0x0000000080f00000|100%| O|  |TAMS 0x0000000080f00000, 0x0000000080e00000| Untracked 
|  15|0x0000000080f00000, 0x0000000081000000, 0x0000000081000000|100%| O|  |TAMS 0x0000000081000000, 0x0000000080f00000| Untracked 
|  16|0x0000000081000000, 0x0000000081100000, 0x0000000081100000|100%|HS|  |TAMS 0x0000000081100000, 0x0000000081000000| Complete 
|  17|0x0000000081100000, 0x0000000081200000, 0x0000000081200000|100%| O|  |TAMS 0x0000000081200000, 0x0000000081100000| Untracked 
|  18|0x0000000081200000, 0x0000000081300000, 0x0000000081300000|100%| O|  |TAMS 0x0000000081300000, 0x0000000081200000| Untracked 
|  19|0x0000000081300000, 0x0000000081400000, 0x0000000081400000|100%| O|  |TAMS 0x0000000081400000, 0x0000000081300000| Untracked 
|  20|0x0000000081400000, 0x0000000081500000, 0x0000000081500000|100%| O|  |TAMS 0x0000000081500000, 0x0000000081400000| Untracked 
|  21|0x0000000081500000, 0x0000000081600000, 0x0000000081600000|100%| O|  |TAMS 0x0000000081600000, 0x0000000081500000| Untracked 
|  22|0x0000000081600000, 0x0000000081700000, 0x0000000081700000|100%| O|  |TAMS 0x0000000081700000, 0x0000000081600000| Untracked 
|  23|0x0000000081700000, 0x0000000081800000, 0x0000000081800000|100%| O|  |TAMS 0x0000000081800000, 0x0000000081700000| Untracked 
|  24|0x0000000081800000, 0x0000000081900000, 0x0000000081900000|100%| O|  |TAMS 0x0000000081900000, 0x0000000081800000| Untracked 
|  25|0x0000000081900000, 0x0000000081a00000, 0x0000000081a00000|100%| O|  |TAMS 0x0000000081a00000, 0x0000000081900000| Untracked 
|  26|0x0000000081a00000, 0x0000000081b00000, 0x0000000081b00000|100%| O|  |TAMS 0x0000000081b00000, 0x0000000081a00000| Untracked 
|  27|0x0000000081b00000, 0x0000000081c00000, 0x0000000081c00000|100%| O|  |TAMS 0x0000000081c00000, 0x0000000081b00000| Untracked 
|  28|0x0000000081c00000, 0x0000000081d00000, 0x0000000081d00000|100%|HS|  |TAMS 0x0000000081d00000, 0x0000000081c00000| Complete 
|  29|0x0000000081d00000, 0x0000000081e00000, 0x0000000081e00000|100%|HS|  |TAMS 0x0000000081e00000, 0x0000000081d00000| Complete 
|  30|0x0000000081e00000, 0x0000000081f00000, 0x0000000081f00000|100%|HC|  |TAMS 0x0000000081f00000, 0x0000000081e00000| Complete 
|  31|0x0000000081f00000, 0x0000000082000000, 0x0000000082000000|100%| O|  |TAMS 0x0000000082000000, 0x0000000081f00000| Untracked 
|  32|0x0000000082000000, 0x0000000082100000, 0x0000000082100000|100%| O|  |TAMS 0x0000000082100000, 0x0000000082000000| Untracked 
|  33|0x0000000082100000, 0x0000000082200000, 0x0000000082200000|100%| O|  |TAMS 0x0000000082200000, 0x0000000082100000| Untracked 
|  34|0x0000000082200000, 0x0000000082300000, 0x0000000082300000|100%| O|  |TAMS 0x0000000082300000, 0x0000000082200000| Untracked 
|  35|0x0000000082300000, 0x0000000082400000, 0x0000000082400000|100%| O|  |TAMS 0x0000000082400000, 0x0000000082300000| Untracked 
|  36|0x0000000082400000, 0x0000000082500000, 0x0000000082500000|100%| O|  |TAMS 0x0000000082500000, 0x0000000082400000| Untracked 
|  37|0x0000000082500000, 0x0000000082600000, 0x0000000082600000|100%| O|  |TAMS 0x0000000082600000, 0x0000000082500000| Untracked 
|  38|0x0000000082600000, 0x0000000082700000, 0x0000000082700000|100%| O|  |TAMS 0x0000000082700000, 0x0000000082600000| Untracked 
|  39|0x0000000082700000, 0x0000000082800000, 0x0000000082800000|100%| O|  |TAMS 0x0000000082800000, 0x0000000082700000| Untracked 
|  40|0x0000000082800000, 0x0000000082900000, 0x0000000082900000|100%| O|  |TAMS 0x0000000082900000, 0x0000000082800000| Untracked 
|  41|0x0000000082900000, 0x0000000082a00000, 0x0000000082a00000|100%| O|  |TAMS 0x0000000082a00000, 0x0000000082900000| Untracked 
|  42|0x0000000082a00000, 0x0000000082b00000, 0x0000000082b00000|100%| O|  |TAMS 0x0000000082a7c600, 0x0000000082a00000| Untracked 
|  43|0x0000000082b00000, 0x0000000082c00000, 0x0000000082c00000|100%| O|  |TAMS 0x0000000082b00000, 0x0000000082b00000| Untracked 
|  44|0x0000000082c00000, 0x0000000082d00000, 0x0000000082d00000|100%| O|  |TAMS 0x0000000082c00000, 0x0000000082c00000| Untracked 
|  45|0x0000000082d00000, 0x0000000082e00000, 0x0000000082e00000|100%| O|  |TAMS 0x0000000082d00000, 0x0000000082d00000| Untracked 
|  46|0x0000000082e00000, 0x0000000082f00000, 0x0000000082f00000|100%| O|  |TAMS 0x0000000082e00000, 0x0000000082e00000| Untracked 
|  47|0x0000000082f00000, 0x0000000083000000, 0x0000000083000000|100%| O|  |TAMS 0x0000000082f00000, 0x0000000082f00000| Untracked 
|  48|0x0000000083000000, 0x0000000083100000, 0x0000000083100000|100%| O|  |TAMS 0x0000000083000000, 0x0000000083000000| Untracked 
|  49|0x0000000083100000, 0x0000000083200000, 0x0000000083200000|100%| O|  |TAMS 0x0000000083100000, 0x0000000083100000| Untracked 
|  50|0x0000000083200000, 0x0000000083300000, 0x0000000083300000|100%| O|  |TAMS 0x0000000083200000, 0x0000000083200000| Untracked 
|  51|0x0000000083300000, 0x0000000083400000, 0x0000000083400000|100%| O|  |TAMS 0x0000000083300000, 0x0000000083300000| Untracked 
|  52|0x0000000083400000, 0x0000000083500000, 0x0000000083500000|100%| O|  |TAMS 0x0000000083400000, 0x0000000083400000| Untracked 
|  53|0x0000000083500000, 0x0000000083600000, 0x0000000083600000|100%| O|  |TAMS 0x0000000083500000, 0x0000000083500000| Untracked 
|  54|0x0000000083600000, 0x0000000083700000, 0x0000000083700000|100%| O|  |TAMS 0x0000000083600000, 0x0000000083600000| Untracked 
|  55|0x0000000083700000, 0x0000000083800000, 0x0000000083800000|100%| O|  |TAMS 0x0000000083700000, 0x0000000083700000| Untracked 
|  56|0x0000000083800000, 0x0000000083900000, 0x0000000083900000|100%| O|  |TAMS 0x0000000083800000, 0x0000000083800000| Untracked 
|  57|0x0000000083900000, 0x0000000083900000, 0x0000000083a00000|  0%| F|  |TAMS 0x0000000083900000, 0x0000000083900000| Untracked 
|  58|0x0000000083a00000, 0x0000000083a00000, 0x0000000083b00000|  0%| F|  |TAMS 0x0000000083a00000, 0x0000000083a00000| Untracked 
|  59|0x0000000083b00000, 0x0000000083b00000, 0x0000000083c00000|  0%| F|  |TAMS 0x0000000083b00000, 0x0000000083b00000| Untracked 
|  60|0x0000000083c00000, 0x0000000083c00000, 0x0000000083d00000|  0%| F|  |TAMS 0x0000000083c00000, 0x0000000083c00000| Untracked 
|  61|0x0000000083d00000, 0x0000000083d00000, 0x0000000083e00000|  0%| F|  |TAMS 0x0000000083d00000, 0x0000000083d00000| Untracked 
|  62|0x0000000083e00000, 0x0000000083e00000, 0x0000000083f00000|  0%| F|  |TAMS 0x0000000083e00000, 0x0000000083e00000| Untracked 
|  63|0x0000000083f00000, 0x0000000083f00000, 0x0000000084000000|  0%| F|  |TAMS 0x0000000083f00000, 0x0000000083f00000| Untracked 
|  64|0x0000000084000000, 0x0000000084000000, 0x0000000084100000|  0%| F|  |TAMS 0x0000000084000000, 0x0000000084000000| Untracked 
|  65|0x0000000084100000, 0x0000000084100000, 0x0000000084200000|  0%| F|  |TAMS 0x0000000084100000, 0x0000000084100000| Untracked 
|  66|0x0000000084200000, 0x0000000084200000, 0x0000000084300000|  0%| F|  |TAMS 0x0000000084200000, 0x0000000084200000| Untracked 
|  67|0x0000000084300000, 0x0000000084300000, 0x0000000084400000|  0%| F|  |TAMS 0x0000000084300000, 0x0000000084300000| Untracked 
|  68|0x0000000084400000, 0x0000000084400000, 0x0000000084500000|  0%| F|  |TAMS 0x0000000084400000, 0x0000000084400000| Untracked 
|  69|0x0000000084500000, 0x0000000084500000, 0x0000000084600000|  0%| F|  |TAMS 0x0000000084500000, 0x0000000084500000| Untracked 
|  70|0x0000000084600000, 0x0000000084600000, 0x0000000084700000|  0%| F|  |TAMS 0x0000000084600000, 0x0000000084600000| Untracked 
|  71|0x0000000084700000, 0x0000000084700000, 0x0000000084800000|  0%| F|  |TAMS 0x0000000084700000, 0x0000000084700000| Untracked 
|  72|0x0000000084800000, 0x0000000084800000, 0x0000000084900000|  0%| F|  |TAMS 0x0000000084800000, 0x0000000084800000| Untracked 
|  73|0x0000000084900000, 0x0000000084900000, 0x0000000084a00000|  0%| F|  |TAMS 0x0000000084900000, 0x0000000084900000| Untracked 
|  74|0x0000000084a00000, 0x0000000084a00000, 0x0000000084b00000|  0%| F|  |TAMS 0x0000000084a00000, 0x0000000084a00000| Untracked 
|  75|0x0000000084b00000, 0x0000000084b00000, 0x0000000084c00000|  0%| F|  |TAMS 0x0000000084b00000, 0x0000000084b00000| Untracked 
|  76|0x0000000084c00000, 0x0000000084c00000, 0x0000000084d00000|  0%| F|  |TAMS 0x0000000084c00000, 0x0000000084c00000| Untracked 
|  77|0x0000000084d00000, 0x0000000084d00000, 0x0000000084e00000|  0%| F|  |TAMS 0x0000000084d00000, 0x0000000084d00000| Untracked 
|  78|0x0000000084e00000, 0x0000000084e00000, 0x0000000084f00000|  0%| F|  |TAMS 0x0000000084e00000, 0x0000000084e00000| Untracked 
|  79|0x0000000084f00000, 0x0000000084f00000, 0x0000000085000000|  0%| F|  |TAMS 0x0000000084f00000, 0x0000000084f00000| Untracked 
|  80|0x0000000085000000, 0x000000008505b3f0, 0x0000000085100000| 35%| S|CS|TAMS 0x0000000085000000, 0x0000000085000000| Complete 
|  81|0x0000000085100000, 0x0000000085200000, 0x0000000085200000|100%| S|CS|TAMS 0x0000000085100000, 0x0000000085100000| Complete 
|  82|0x0000000085200000, 0x0000000085200000, 0x0000000085300000|  0%| F|  |TAMS 0x0000000085200000, 0x0000000085200000| Untracked 
|  83|0x0000000085300000, 0x0000000085300000, 0x0000000085400000|  0%| F|  |TAMS 0x0000000085300000, 0x0000000085300000| Untracked 
|  84|0x0000000085400000, 0x0000000085400000, 0x0000000085500000|  0%| F|  |TAMS 0x0000000085400000, 0x0000000085400000| Untracked 
|  85|0x0000000085500000, 0x0000000085600000, 0x0000000085600000|100%| S|CS|TAMS 0x0000000085500000, 0x0000000085500000| Complete 
|  86|0x0000000085600000, 0x0000000085700000, 0x0000000085700000|100%| S|CS|TAMS 0x0000000085600000, 0x0000000085600000| Complete 
|  87|0x0000000085700000, 0x0000000085800000, 0x0000000085800000|100%| S|CS|TAMS 0x0000000085700000, 0x0000000085700000| Complete 
|  88|0x0000000085800000, 0x0000000085900000, 0x0000000085900000|100%| S|CS|TAMS 0x0000000085800000, 0x0000000085800000| Complete 
|  89|0x0000000085900000, 0x0000000085a00000, 0x0000000085a00000|100%| S|CS|TAMS 0x0000000085900000, 0x0000000085900000| Complete 
|  90|0x0000000085a00000, 0x0000000085b00000, 0x0000000085b00000|100%| S|CS|TAMS 0x0000000085a00000, 0x0000000085a00000| Complete 
|  91|0x0000000085b00000, 0x0000000085c00000, 0x0000000085c00000|100%| S|CS|TAMS 0x0000000085b00000, 0x0000000085b00000| Complete 
|  92|0x0000000085c00000, 0x0000000085c00000, 0x0000000085d00000|  0%| F|  |TAMS 0x0000000085c00000, 0x0000000085c00000| Untracked 
|  93|0x0000000085d00000, 0x0000000085d00000, 0x0000000085e00000|  0%| F|  |TAMS 0x0000000085d00000, 0x0000000085d00000| Untracked 
|  94|0x0000000085e00000, 0x0000000085e00000, 0x0000000085f00000|  0%| F|  |TAMS 0x0000000085e00000, 0x0000000085e00000| Untracked 
|  95|0x0000000085f00000, 0x0000000085f00000, 0x0000000086000000|  0%| F|  |TAMS 0x0000000085f00000, 0x0000000085f00000| Untracked 
|  96|0x0000000086000000, 0x0000000086000000, 0x0000000086100000|  0%| F|  |TAMS 0x0000000086000000, 0x0000000086000000| Untracked 
|  97|0x0000000086100000, 0x0000000086100000, 0x0000000086200000|  0%| F|  |TAMS 0x0000000086100000, 0x0000000086100000| Untracked 
|  98|0x0000000086200000, 0x0000000086200000, 0x0000000086300000|  0%| F|  |TAMS 0x0000000086200000, 0x0000000086200000| Untracked 
|  99|0x0000000086300000, 0x00000000863f2458, 0x0000000086400000| 94%| E|  |TAMS 0x0000000086300000, 0x0000000086300000| Complete 
| 100|0x0000000086400000, 0x0000000086500000, 0x0000000086500000|100%| E|CS|TAMS 0x0000000086400000, 0x0000000086400000| Complete 
| 101|0x0000000086500000, 0x0000000086600000, 0x0000000086600000|100%| E|CS|TAMS 0x0000000086500000, 0x0000000086500000| Complete 
| 102|0x0000000086600000, 0x0000000086700000, 0x0000000086700000|100%| E|CS|TAMS 0x0000000086600000, 0x0000000086600000| Complete 
| 103|0x0000000086700000, 0x0000000086800000, 0x0000000086800000|100%| E|CS|TAMS 0x0000000086700000, 0x0000000086700000| Complete 
| 104|0x0000000086800000, 0x0000000086900000, 0x0000000086900000|100%| E|CS|TAMS 0x0000000086800000, 0x0000000086800000| Complete 
| 105|0x0000000086900000, 0x0000000086a00000, 0x0000000086a00000|100%| E|CS|TAMS 0x0000000086900000, 0x0000000086900000| Complete 
| 106|0x0000000086a00000, 0x0000000086b00000, 0x0000000086b00000|100%| E|CS|TAMS 0x0000000086a00000, 0x0000000086a00000| Complete 
| 107|0x0000000086b00000, 0x0000000086c00000, 0x0000000086c00000|100%| E|CS|TAMS 0x0000000086b00000, 0x0000000086b00000| Complete 
| 108|0x0000000086c00000, 0x0000000086d00000, 0x0000000086d00000|100%| E|CS|TAMS 0x0000000086c00000, 0x0000000086c00000| Complete 
| 109|0x0000000086d00000, 0x0000000086e00000, 0x0000000086e00000|100%| E|  |TAMS 0x0000000086d00000, 0x0000000086d00000| Complete 
| 110|0x0000000086e00000, 0x0000000086f00000, 0x0000000086f00000|100%| E|CS|TAMS 0x0000000086e00000, 0x0000000086e00000| Complete 
| 111|0x0000000086f00000, 0x0000000087000000, 0x0000000087000000|100%| E|CS|TAMS 0x0000000086f00000, 0x0000000086f00000| Complete 
| 112|0x0000000087000000, 0x0000000087100000, 0x0000000087100000|100%| E|CS|TAMS 0x0000000087000000, 0x0000000087000000| Complete 
| 113|0x0000000087100000, 0x0000000087200000, 0x0000000087200000|100%| E|CS|TAMS 0x0000000087100000, 0x0000000087100000| Complete 
| 114|0x0000000087200000, 0x0000000087300000, 0x0000000087300000|100%| E|CS|TAMS 0x0000000087200000, 0x0000000087200000| Complete 
| 115|0x0000000087300000, 0x0000000087400000, 0x0000000087400000|100%| E|CS|TAMS 0x0000000087300000, 0x0000000087300000| Complete 
| 116|0x0000000087400000, 0x0000000087500000, 0x0000000087500000|100%| E|CS|TAMS 0x0000000087400000, 0x0000000087400000| Complete 
| 117|0x0000000087500000, 0x0000000087600000, 0x0000000087600000|100%| E|CS|TAMS 0x0000000087500000, 0x0000000087500000| Complete 
| 118|0x0000000087600000, 0x0000000087700000, 0x0000000087700000|100%| E|CS|TAMS 0x0000000087600000, 0x0000000087600000| Complete 
| 119|0x0000000087700000, 0x0000000087800000, 0x0000000087800000|100%| E|CS|TAMS 0x0000000087700000, 0x0000000087700000| Complete 
| 120|0x0000000087800000, 0x0000000087900000, 0x0000000087900000|100%| E|CS|TAMS 0x0000000087800000, 0x0000000087800000| Complete 
| 121|0x0000000087900000, 0x0000000087a00000, 0x0000000087a00000|100%| E|CS|TAMS 0x0000000087900000, 0x0000000087900000| Complete 
| 122|0x0000000087a00000, 0x0000000087b00000, 0x0000000087b00000|100%| E|CS|TAMS 0x0000000087a00000, 0x0000000087a00000| Complete 
| 123|0x0000000087b00000, 0x0000000087c00000, 0x0000000087c00000|100%| E|CS|TAMS 0x0000000087b00000, 0x0000000087b00000| Complete 
| 124|0x0000000087c00000, 0x0000000087d00000, 0x0000000087d00000|100%| E|CS|TAMS 0x0000000087c00000, 0x0000000087c00000| Complete 
| 125|0x0000000087d00000, 0x0000000087e00000, 0x0000000087e00000|100%| E|CS|TAMS 0x0000000087d00000, 0x0000000087d00000| Complete 
| 126|0x0000000087e00000, 0x0000000087f00000, 0x0000000087f00000|100%| E|CS|TAMS 0x0000000087e00000, 0x0000000087e00000| Complete 
| 127|0x0000000087f00000, 0x0000000088000000, 0x0000000088000000|100%| E|CS|TAMS 0x0000000087f00000, 0x0000000087f00000| Complete 
| 128|0x0000000088000000, 0x0000000088100000, 0x0000000088100000|100%| E|CS|TAMS 0x0000000088000000, 0x0000000088000000| Complete 
| 129|0x0000000088100000, 0x0000000088200000, 0x0000000088200000|100%| E|CS|TAMS 0x0000000088100000, 0x0000000088100000| Complete 
| 130|0x0000000088200000, 0x0000000088300000, 0x0000000088300000|100%| E|CS|TAMS 0x0000000088200000, 0x0000000088200000| Complete 
| 131|0x0000000088300000, 0x0000000088400000, 0x0000000088400000|100%| E|CS|TAMS 0x0000000088300000, 0x0000000088300000| Complete 
| 132|0x0000000088400000, 0x0000000088500000, 0x0000000088500000|100%| E|CS|TAMS 0x0000000088400000, 0x0000000088400000| Complete 
| 133|0x0000000088500000, 0x0000000088600000, 0x0000000088600000|100%| E|CS|TAMS 0x0000000088500000, 0x0000000088500000| Complete 
| 134|0x0000000088600000, 0x0000000088700000, 0x0000000088700000|100%| E|CS|TAMS 0x0000000088600000, 0x0000000088600000| Complete 
| 135|0x0000000088700000, 0x0000000088800000, 0x0000000088800000|100%| E|CS|TAMS 0x0000000088700000, 0x0000000088700000| Complete 
| 136|0x0000000088800000, 0x0000000088900000, 0x0000000088900000|100%| E|CS|TAMS 0x0000000088800000, 0x0000000088800000| Complete 
| 137|0x0000000088900000, 0x0000000088a00000, 0x0000000088a00000|100%| E|CS|TAMS 0x0000000088900000, 0x0000000088900000| Complete 
| 138|0x0000000088a00000, 0x0000000088b00000, 0x0000000088b00000|100%| E|CS|TAMS 0x0000000088a00000, 0x0000000088a00000| Complete 
| 139|0x0000000088b00000, 0x0000000088c00000, 0x0000000088c00000|100%| E|CS|TAMS 0x0000000088b00000, 0x0000000088b00000| Complete 
| 140|0x0000000088c00000, 0x0000000088d00000, 0x0000000088d00000|100%| E|CS|TAMS 0x0000000088c00000, 0x0000000088c00000| Complete 
| 141|0x0000000088d00000, 0x0000000088e00000, 0x0000000088e00000|100%| E|CS|TAMS 0x0000000088d00000, 0x0000000088d00000| Complete 
| 142|0x0000000088e00000, 0x0000000088f00000, 0x0000000088f00000|100%| E|CS|TAMS 0x0000000088e00000, 0x0000000088e00000| Complete 
| 143|0x0000000088f00000, 0x0000000089000000, 0x0000000089000000|100%| E|CS|TAMS 0x0000000088f00000, 0x0000000088f00000| Complete 
| 144|0x0000000089000000, 0x0000000089100000, 0x0000000089100000|100%| E|CS|TAMS 0x0000000089000000, 0x0000000089000000| Complete 
| 145|0x0000000089100000, 0x0000000089200000, 0x0000000089200000|100%| E|CS|TAMS 0x0000000089100000, 0x0000000089100000| Complete 
| 146|0x0000000089200000, 0x0000000089300000, 0x0000000089300000|100%| E|CS|TAMS 0x0000000089200000, 0x0000000089200000| Complete 
| 147|0x0000000089300000, 0x0000000089400000, 0x0000000089400000|100%| E|CS|TAMS 0x0000000089300000, 0x0000000089300000| Complete 
| 148|0x0000000089400000, 0x0000000089500000, 0x0000000089500000|100%| E|CS|TAMS 0x0000000089400000, 0x0000000089400000| Complete 
| 149|0x0000000089500000, 0x0000000089600000, 0x0000000089600000|100%| E|CS|TAMS 0x0000000089500000, 0x0000000089500000| Complete 
| 150|0x0000000089600000, 0x0000000089700000, 0x0000000089700000|100%| E|CS|TAMS 0x0000000089600000, 0x0000000089600000| Complete 
| 151|0x0000000089700000, 0x0000000089800000, 0x0000000089800000|100%| E|CS|TAMS 0x0000000089700000, 0x0000000089700000| Complete 
| 152|0x0000000089800000, 0x0000000089900000, 0x0000000089900000|100%| E|CS|TAMS 0x0000000089800000, 0x0000000089800000| Complete 
| 153|0x0000000089900000, 0x0000000089a00000, 0x0000000089a00000|100%| E|CS|TAMS 0x0000000089900000, 0x0000000089900000| Complete 

Card table byte_map: [0x00000227a2230000,0x00000227a2630000] _byte_map_base: 0x00000227a1e30000

Marking Bits (Prev, Next): (CMBitMap*) 0x000002278d54ed48, (CMBitMap*) 0x000002278d54ed80
 Prev Bits: [0x00000227a2a30000, 0x00000227a4a30000)
 Next Bits: [0x00000227a4a30000, 0x00000227a6a30000)

Polling page: 0x000002278d390000

Metaspace:

Usage:
  Non-class:     72.25 MB capacity,    70.94 MB ( 98%) used,     1.08 MB (  1%) free+waste,   242.63 KB ( <1%) overhead. 
      Class:     11.41 MB capacity,    10.65 MB ( 93%) used,   672.09 KB (  6%) free+waste,   110.50 KB ( <1%) overhead. 
       Both:     83.67 MB capacity,    81.59 MB ( 98%) used,     1.73 MB (  2%) free+waste,   353.13 KB ( <1%) overhead. 

Virtual space:
  Non-class space:       74.00 MB reserved,      72.42 MB ( 98%) committed 
      Class space:        1.00 GB reserved,      11.50 MB (  1%) committed 
             Both:        1.07 GB reserved,      83.92 MB (  8%) committed 

Chunk freelists:
   Non-Class:  39.00 KB
       Class:  0 bytes
        Both:  39.00 KB

MaxMetaspaceSize: 17179869184.00 GB
CompressedClassSpaceSize: 1.00 GB
Initial GC threshold: 20.80 MB
Current GC threshold: 107.99 MB
CDS: off

CodeHeap 'non-profiled nmethods': size=120064Kb used=6054Kb max_used=6054Kb free=114009Kb
 bounds [0x000002279a2d0000, 0x000002279a8c0000, 0x00000227a1810000]
CodeHeap 'profiled nmethods': size=120000Kb used=21234Kb max_used=21234Kb free=98765Kb
 bounds [0x0000022792da0000, 0x0000022794260000, 0x000002279a2d0000]
CodeHeap 'non-nmethods': size=5696Kb used=2370Kb max_used=2413Kb free=3325Kb
 bounds [0x0000022792810000, 0x0000022792a80000, 0x0000022792da0000]
 total_blobs=10653 nmethods=9768 adapters=797
 compilation: enabled
              stopped_count=0, restarted_count=0
 full_count=0

Compilation events (20 events):
Event: 27.564 Thread 0x00000227a90a5800 9807       2       com.google.common.collect.AbstractIterator::tryToComputeNext (36 bytes)
Event: 27.564 Thread 0x00000227a90a5800 nmethod 9807 0x0000022794259710 code [0x00000227942598e0, 0x0000022794259b68]
Event: 27.564 Thread 0x00000227a90a5800 9811       2       com.google.common.collect.Sets$3$1::computeNext (48 bytes)
Event: 27.564 Thread 0x00000227a90a5800 nmethod 9811 0x0000022794259c10 code [0x0000022794259e00, 0x000002279425a088]
Event: 27.564 Thread 0x00000227a90a5800 9808       1       org.gradle.api.internal.tasks.compile.incremental.compilerapi.deps.DependentsSet$EmptyDependentsSet::isDependencyToAll (2 bytes)
Event: 27.564 Thread 0x00000227a90a5800 nmethod 9808 0x000002279a8b9890 code [0x000002279a8b9a40, 0x000002279a8b9af8]
Event: 27.564 Thread 0x00000227a90a5800 9809       2       com.google.common.collect.RegularImmutableMap$KeySet::contains (9 bytes)
Event: 27.565 Thread 0x00000227a90a5800 nmethod 9809 0x000002279425a210 code [0x000002279425a3c0, 0x000002279425a508]
Event: 27.565 Thread 0x00000227a90a5800 9810       2       com.google.common.collect.AbstractIterator::next (34 bytes)
Event: 27.565 Thread 0x00000227a90a5800 nmethod 9810 0x000002279425a610 code [0x000002279425a7e0, 0x000002279425aa58]
Event: 27.565 Thread 0x00000227a90a5800 9812       2       org.gradle.api.internal.tasks.compile.incremental.deps.ClassSetAnalysisData::getDependents (91 bytes)
Event: 27.566 Thread 0x00000227a90a5800 nmethod 9812 0x000002279425ab90 code [0x000002279425adc0, 0x000002279425b2e8]
Event: 27.566 Thread 0x00000227a90a5800 9813       2       org.gradle.api.internal.tasks.compile.incremental.compilerapi.deps.DependentsSet::empty (4 bytes)
Event: 27.566 Thread 0x00000227a90a5800 nmethod 9813 0x000002279425b590 code [0x000002279425b740, 0x000002279425b818]
Event: 27.566 Thread 0x00000227a90a5800 9814       2       org.gradle.api.internal.tasks.compile.incremental.compilerapi.deps.DependentsSet$EmptyDependentsSet::access$200 (4 bytes)
Event: 27.566 Thread 0x00000227a90a5800 nmethod 9814 0x000002279425b890 code [0x000002279425ba40, 0x000002279425bb18]
Event: 27.567 Thread 0x00000227a90a5800 9815       2       java.util.HashMap$EntrySet::contains (55 bytes)
Event: 27.567 Thread 0x00000227a90a5800 nmethod 9815 0x000002279425bb90 code [0x000002279425bd80, 0x000002279425c058]
Event: 27.567 Thread 0x00000227a90a5800 9816       2       java.util.HashMap$Node::equals (55 bytes)
Event: 27.567 Thread 0x00000227a90a5800 nmethod 9816 0x000002279425c210 code [0x000002279425c400, 0x000002279425c738]

GC Heap History (20 events):
Event: 6.881 GC heap before
{Heap before GC invocations=7 (full 0):
 garbage-first heap   total 131072K, used 79847K [0x0000000080000000, 0x0000000100000000)
  region size 1024K, 63 young (64512K), 3 survivors (3072K)
 Metaspace       used 34912K, capacity 35722K, committed 35840K, reserved 1081344K
  class space    used 4534K, capacity 4839K, committed 4864K, reserved 1048576K
}
Event: 6.900 GC heap after
{Heap after GC invocations=8 (full 0):
 garbage-first heap   total 131072K, used 22782K [0x0000000080000000, 0x0000000100000000)
  region size 1024K, 7 young (7168K), 7 survivors (7168K)
 Metaspace       used 34912K, capacity 35722K, committed 35840K, reserved 1081344K
  class space    used 4534K, capacity 4839K, committed 4864K, reserved 1048576K
}
Event: 7.976 GC heap before
{Heap before GC invocations=9 (full 0):
 garbage-first heap   total 131072K, used 89342K [0x0000000080000000, 0x0000000100000000)
  region size 1024K, 70 young (71680K), 7 survivors (7168K)
 Metaspace       used 39945K, capacity 40914K, committed 41088K, reserved 1085440K
  class space    used 5116K, capacity 5435K, committed 5504K, reserved 1048576K
}
Event: 7.999 GC heap after
{Heap after GC invocations=10 (full 0):
 garbage-first heap   total 131072K, used 27962K [0x0000000080000000, 0x0000000100000000)
  region size 1024K, 9 young (9216K), 9 survivors (9216K)
 Metaspace       used 39945K, capacity 40914K, committed 41088K, reserved 1085440K
  class space    used 5116K, capacity 5435K, committed 5504K, reserved 1048576K
}
Event: 9.455 GC heap before
{Heap before GC invocations=10 (full 0):
 garbage-first heap   total 131072K, used 94522K [0x0000000080000000, 0x0000000100000000)
  region size 1024K, 73 young (74752K), 9 survivors (9216K)
 Metaspace       used 46151K, capacity 47250K, committed 47360K, reserved 1089536K
  class space    used 5939K, capacity 6323K, committed 6400K, reserved 1048576K
}
Event: 9.472 GC heap after
{Heap after GC invocations=11 (full 0):
 garbage-first heap   total 157696K, used 29986K [0x0000000080000000, 0x0000000100000000)
  region size 1024K, 3 young (3072K), 3 survivors (3072K)
 Metaspace       used 46151K, capacity 47250K, committed 47360K, reserved 1089536K
  class space    used 5939K, capacity 6323K, committed 6400K, reserved 1048576K
}
Event: 14.557 GC heap before
{Heap before GC invocations=11 (full 0):
 garbage-first heap   total 157696K, used 124194K [0x0000000080000000, 0x0000000100000000)
  region size 1024K, 92 young (94208K), 3 survivors (3072K)
 Metaspace       used 52406K, capacity 53715K, committed 53760K, reserved 1095680K
  class space    used 6697K, capacity 7159K, committed 7168K, reserved 1048576K
}
Event: 14.570 GC heap after
{Heap after GC invocations=12 (full 0):
 garbage-first heap   total 157696K, used 43858K [0x0000000080000000, 0x0000000100000000)
  region size 1024K, 12 young (12288K), 12 survivors (12288K)
 Metaspace       used 52406K, capacity 53715K, committed 53760K, reserved 1095680K
  class space    used 6697K, capacity 7159K, committed 7168K, reserved 1048576K
}
Event: 15.691 GC heap before
{Heap before GC invocations=12 (full 0):
 garbage-first heap   total 157696K, used 83794K [0x0000000080000000, 0x0000000100000000)
  region size 1024K, 52 young (53248K), 12 survivors (12288K)
 Metaspace       used 58413K, capacity 59802K, committed 59948K, reserved 1101824K
  class space    used 7444K, capacity 7992K, committed 8064K, reserved 1048576K
}
Event: 15.720 GC heap after
{Heap after GC invocations=13 (full 0):
 garbage-first heap   total 157696K, used 45553K [0x0000000080000000, 0x0000000100000000)
  region size 1024K, 2 young (2048K), 2 survivors (2048K)
 Metaspace       used 58413K, capacity 59802K, committed 59948K, reserved 1101824K
  class space    used 7444K, capacity 7992K, committed 8064K, reserved 1048576K
}
Event: 18.808 GC heap before
{Heap before GC invocations=14 (full 0):
 garbage-first heap   total 157696K, used 105969K [0x0000000080000000, 0x0000000100000000)
  region size 1024K, 62 young (63488K), 2 survivors (2048K)
 Metaspace       used 64539K, capacity 65979K, committed 66092K, reserved 1105920K
  class space    used 8210K, capacity 8762K, committed 8832K, reserved 1048576K
}
Event: 18.821 GC heap after
{Heap after GC invocations=15 (full 0):
 garbage-first heap   total 157696K, used 50208K [0x0000000080000000, 0x0000000100000000)
  region size 1024K, 7 young (7168K), 7 survivors (7168K)
 Metaspace       used 64539K, capacity 65979K, committed 66092K, reserved 1105920K
  class space    used 8210K, capacity 8762K, committed 8832K, reserved 1048576K
}
Event: 20.317 GC heap before
{Heap before GC invocations=16 (full 0):
 garbage-first heap   total 157696K, used 112672K [0x0000000080000000, 0x0000000100000000)
  region size 1024K, 67 young (68608K), 7 survivors (7168K)
 Metaspace       used 67741K, capacity 69359K, committed 69420K, reserved 1110016K
  class space    used 8690K, capacity 9285K, committed 9344K, reserved 1048576K
}
Event: 20.335 GC heap after
{Heap after GC invocations=17 (full 0):
 garbage-first heap   total 157696K, used 54628K [0x0000000080000000, 0x0000000100000000)
  region size 1024K, 5 young (5120K), 5 survivors (5120K)
 Metaspace       used 67741K, capacity 69359K, committed 69420K, reserved 1110016K
  class space    used 8690K, capacity 9285K, committed 9344K, reserved 1048576K
}
Event: 22.048 GC heap before
{Heap before GC invocations=17 (full 0):
 garbage-first heap   total 157696K, used 116068K [0x0000000080000000, 0x0000000100000000)
  region size 1024K, 65 young (66560K), 5 survivors (5120K)
 Metaspace       used 73625K, capacity 75288K, committed 75564K, reserved 1114112K
  class space    used 9609K, capacity 10255K, committed 10368K, reserved 1048576K
}
Event: 22.062 GC heap after
{Heap after GC invocations=18 (full 0):
 garbage-first heap   total 157696K, used 58410K [0x0000000080000000, 0x0000000100000000)
  region size 1024K, 9 young (9216K), 9 survivors (9216K)
 Metaspace       used 73625K, capacity 75288K, committed 75564K, reserved 1114112K
  class space    used 9609K, capacity 10255K, committed 10368K, reserved 1048576K
}
Event: 23.868 GC heap before
{Heap before GC invocations=18 (full 0):
 garbage-first heap   total 157696K, used 118826K [0x0000000080000000, 0x0000000100000000)
  region size 1024K, 68 young (69632K), 9 survivors (9216K)
 Metaspace       used 80354K, capacity 82296K, committed 82476K, reserved 1120256K
  class space    used 10602K, capacity 11368K, committed 11392K, reserved 1048576K
}
Event: 23.892 GC heap after
{Heap after GC invocations=19 (full 0):
 garbage-first heap   total 157696K, used 62459K [0x0000000080000000, 0x0000000100000000)
  region size 1024K, 8 young (8192K), 8 survivors (8192K)
 Metaspace       used 80354K, capacity 82296K, committed 82476K, reserved 1120256K
  class space    used 10602K, capacity 11368K, committed 11392K, reserved 1048576K
}
Event: 25.923 GC heap before
{Heap before GC invocations=19 (full 0):
 garbage-first heap   total 157696K, used 121851K [0x0000000080000000, 0x0000000100000000)
  region size 1024K, 67 young (68608K), 8 survivors (8192K)
 Metaspace       used 81592K, capacity 83642K, committed 83884K, reserved 1122304K
  class space    used 10725K, capacity 11520K, committed 11520K, reserved 1048576K
}
Event: 25.943 GC heap after
{Heap after GC invocations=20 (full 0):
 garbage-first heap   total 157696K, used 66924K [0x0000000080000000, 0x0000000100000000)
  region size 1024K, 9 young (9216K), 9 survivors (9216K)
 Metaspace       used 81592K, capacity 83642K, committed 83884K, reserved 1122304K
  class space    used 10725K, capacity 11520K, committed 11520K, reserved 1048576K
}

Deoptimization events (20 events):
Event: 27.106 Thread 0x00000227ac341000 Uncommon trap: trap_request=0xffffffc6 fr.pc=0x000002279a7a443c relative=0x000000000000089c
Event: 27.106 Thread 0x00000227ac341000 Uncommon trap: reason=bimorphic_or_optimized_type_check action=maybe_recompile pc=0x000002279a7a443c method=com.google.common.collect.AbstractMapBasedMultimap$WrappedCollection.refreshIfEmpty()V @ 59 c2
Event: 27.106 Thread 0x00000227ac341000 DEOPT PACKING pc=0x000002279a7a443c sp=0x000000efbc6fc420
Event: 27.106 Thread 0x00000227ac341000 DEOPT UNPACKING pc=0x000002279285a1af sp=0x000000efbc6fc3c8 mode 2
Event: 27.220 Thread 0x00000227ac341000 Uncommon trap: trap_request=0xffffffc6 fr.pc=0x000002279a7a443c relative=0x000000000000089c
Event: 27.220 Thread 0x00000227ac341000 Uncommon trap: reason=bimorphic_or_optimized_type_check action=maybe_recompile pc=0x000002279a7a443c method=com.google.common.collect.AbstractMapBasedMultimap$WrappedCollection.refreshIfEmpty()V @ 59 c2
Event: 27.220 Thread 0x00000227ac341000 DEOPT PACKING pc=0x000002279a7a443c sp=0x000000efbc6fb700
Event: 27.220 Thread 0x00000227ac341000 DEOPT UNPACKING pc=0x000002279285a1af sp=0x000000efbc6fb6a8 mode 2
Event: 27.220 Thread 0x00000227ac341000 Uncommon trap: trap_request=0xffffffc6 fr.pc=0x000002279a7a443c relative=0x000000000000089c
Event: 27.220 Thread 0x00000227ac341000 Uncommon trap: reason=bimorphic_or_optimized_type_check action=maybe_recompile pc=0x000002279a7a443c method=com.google.common.collect.AbstractMapBasedMultimap$WrappedCollection.refreshIfEmpty()V @ 59 c2
Event: 27.220 Thread 0x00000227ac341000 DEOPT PACKING pc=0x000002279a7a443c sp=0x000000efbc6fb6c0
Event: 27.220 Thread 0x00000227ac341000 DEOPT UNPACKING pc=0x000002279285a1af sp=0x000000efbc6fb668 mode 2
Event: 27.543 Thread 0x00000227b2f68800 Uncommon trap: trap_request=0xffffff4d fr.pc=0x000002279a8b8b54 relative=0x00000000000000b4
Event: 27.543 Thread 0x00000227b2f68800 Uncommon trap: reason=unstable_if action=reinterpret pc=0x000002279a8b8b54 method=com.google.common.collect.HashBiMap.seekByValue(Ljava/lang/Object;I)Lcom/google/common/collect/HashBiMap$BiEntry; @ 21 c2
Event: 27.543 Thread 0x00000227b2f68800 DEOPT PACKING pc=0x000002279a8b8b54 sp=0x000000efbcafdc20
Event: 27.543 Thread 0x00000227b2f68800 DEOPT UNPACKING pc=0x000002279285a1af sp=0x000000efbcafdba8 mode 2
Event: 27.562 Thread 0x00000227ac341000 Uncommon trap: trap_request=0xffffffd6 fr.pc=0x000002279a8b7a34 relative=0x0000000000000af4
Event: 27.562 Thread 0x00000227ac341000 Uncommon trap: reason=array_check action=maybe_recompile pc=0x000002279a8b7a34 method=com.google.common.collect.RegularImmutableMap.fromEntryArray(I[Ljava/util/Map$Entry;)Lcom/google/common/collect/ImmutableMap; @ 157 c2
Event: 27.562 Thread 0x00000227ac341000 DEOPT PACKING pc=0x000002279a8b7a34 sp=0x000000efbc6f9fd0
Event: 27.562 Thread 0x00000227ac341000 DEOPT UNPACKING pc=0x000002279285a1af sp=0x000000efbc6f9f80 mode 2

Classes redefined (0 events):
No events

Internal exceptions (20 events):
Event: 23.682 Thread 0x00000227ac346800 Exception <a 'java/lang/NoSuchMethodError'{0x00000000865d17f8}: <clinit>> (0x00000000865d17f8) thrown at [./src/hotspot/share/prims/jni.cpp, line 1365]
Event: 23.684 Thread 0x00000227ac346800 Exception <a 'java/lang/NoSuchMethodError'{0x00000000865db838}: 'void java.lang.invoke.DirectMethodHandle$Holder.invokeSpecial(java.lang.Object, java.lang.Object, java.lang.Object, int)'> (0x00000000865db838) thrown at [./src/hotspot/share/interpreter/linkResolver.cpp, line 773]
Event: 23.705 Thread 0x00000227acccc000 Exception <a 'java/lang/NoSuchMethodError'{0x00000000864eeb20}: <clinit>> (0x00000000864eeb20) thrown at [./src/hotspot/share/prims/jni.cpp, line 1365]
Event: 23.706 Thread 0x00000227ac17e000 Exception <a 'java/lang/NoSuchMethodError'{0x0000000086496740}: 'java.lang.Object java.lang.invoke.DirectMethodHandle$Holder.invokeInterface(java.lang.Object, java.lang.Object, int)'> (0x0000000086496740) thrown at [./src/hotspot/share/interpreter/linkResolver.cpp, line 773]
Event: 23.709 Thread 0x00000227ac17e000 Exception <a 'java/lang/NoSuchMethodError'{0x00000000864fa2b8}: 'void java.lang.invoke.DirectMethodHandle$Holder.invokeStatic(java.lang.Object, java.lang.Object, java.lang.Object, int)'> (0x00000000864fa2b8) thrown at [./src/hotspot/share/interpreter/linkResolver.cpp, line 773]
Event: 23.770 Thread 0x00000227ac17e000 Implicit null exception at 0x000002279a58b177 to 0x000002279a58b308
Event: 23.786 Thread 0x00000227ac17e000 Exception <a 'java/lang/IncompatibleClassChangeError'{0x00000000862edd30}: Found class java.lang.Object, but interface was expected> (0x00000000862edd30) thrown at [./src/hotspot/share/interpreter/linkResolver.cpp, line 839]
Event: 23.864 Thread 0x00000227ac17e000 Exception <a 'java/lang/NoSuchMethodError'{0x0000000085fc4ce0}: 'int java.lang.invoke.DirectMethodHandle$Holder.invokeStaticInit(java.lang.Object, java.lang.Object, java.lang.Object, java.lang.Object, java.lang.Object)'> (0x0000000085fc4ce0) thrown at [./src/hotspot/share/interpreter/linkResolver.cpp, line 773]
Event: 24.309 Thread 0x00000227ac17e000 Exception <a 'java/lang/NoSuchMethodError'{0x00000000893abe00}: 'void java.lang.invoke.DirectMethodHandle$Holder.invokeStatic(java.lang.Object, java.lang.Object, java.lang.Object, java.lang.Object, int, java.lang.Object, java.lang.Object)'> (0x00000000893abe00) thrown at [./src/hotspot/share/interpreter/linkResolver.cpp, line 773]
Event: 24.374 Thread 0x00000227ad5d1800 Exception <a 'java/lang/NoSuchMethodError'{0x0000000088f64f68}: 'java.lang.Object java.lang.invoke.DirectMethodHandle$Holder.invokeSpecialIFC(java.lang.Object, java.lang.Object, java.lang.Object)'> (0x0000000088f64f68) thrown at [./src/hotspot/share/interpreter/linkResolver.cpp, line 773]
Event: 24.374 Thread 0x00000227ac17e000 Exception <a 'java/lang/NoSuchMethodError'{0x00000000892abf28}: 'java.lang.Object java.lang.invoke.DirectMethodHandle$Holder.invokeSpecialIFC(java.lang.Object, java.lang.Object, java.lang.Object)'> (0x00000000892abf28) thrown at [./src/hotspot/share/interpreter/linkResolver.cpp, line 773]
Event: 24.967 Thread 0x00000227ad5ce800 Exception <a 'java/lang/NoSuchMethodError'{0x0000000088e77188}: 'void java.lang.invoke.DirectMethodHandle$Holder.invokeVirtual(java.lang.Object, java.lang.Object)'> (0x0000000088e77188) thrown at [./src/hotspot/share/interpreter/linkResolver.cpp, line 773]
Event: 25.952 Thread 0x00000227ac06b800 Implicit null exception at 0x000002279a86285b to 0x000002279a8628ec
Event: 26.046 Thread 0x00000227ac341000 Exception <a 'java/lang/NoSuchMethodError'{0x000000008930dea8}: <clinit>> (0x000000008930dea8) thrown at [./src/hotspot/share/prims/jni.cpp, line 1365]
Event: 26.046 Thread 0x00000227ac341000 Exception <a 'java/lang/NoSuchMethodError'{0x000000008930f4b0}: <clinit>> (0x000000008930f4b0) thrown at [./src/hotspot/share/prims/jni.cpp, line 1365]
Event: 26.047 Thread 0x00000227ac341000 Exception <a 'java/lang/NoSuchMethodError'{0x00000000893120b0}: <clinit>> (0x00000000893120b0) thrown at [./src/hotspot/share/prims/jni.cpp, line 1365]
Event: 26.048 Thread 0x00000227ac341000 Exception <a 'java/lang/NoSuchMethodError'{0x000000008932a370}: <clinit>> (0x000000008932a370) thrown at [./src/hotspot/share/prims/jni.cpp, line 1365]
Event: 26.048 Thread 0x00000227ac341000 Exception <a 'java/lang/NoSuchMethodError'{0x000000008932b5a8}: <clinit>> (0x000000008932b5a8) thrown at [./src/hotspot/share/prims/jni.cpp, line 1365]
Event: 26.290 Thread 0x00000227ac06b800 Implicit null exception at 0x000002279a87f94d to 0x000002279a87ffdc
Event: 26.977 Thread 0x00000227ac341000 Exception <a 'java/lang/NoSuchMethodError'{0x0000000087693378}: 'int java.lang.invoke.DirectMethodHandle$Holder.invokeSpecial(java.lang.Object, java.lang.Object, java.lang.Object, java.lang.Object, java.lang.Object)'> (0x0000000087693378) thrown at [./src/hotspot/share/interpreter/linkResolver.cpp, line 773]

Events (20 events):
Event: 27.572 loading class org/gradle/api/internal/tasks/compile/incremental/deps/ClassSetAnalysis
Event: 27.572 loading class org/gradle/api/internal/tasks/compile/incremental/deps/ClassSetAnalysis done
Event: 27.572 loading class it/unimi/dsi/fastutil/ints/IntSets
Event: 27.572 loading class it/unimi/dsi/fastutil/ints/IntSets done
Event: 27.573 loading class it/unimi/dsi/fastutil/ints/IntSets$EmptySet
Event: 27.573 loading class it/unimi/dsi/fastutil/ints/IntSets$EmptySet done
Event: 27.574 loading class it/unimi/dsi/fastutil/ints/IntCollections$EmptyCollection
Event: 27.574 loading class it/unimi/dsi/fastutil/ints/IntCollections$EmptyCollection done
Event: 27.574 loading class it/unimi/dsi/fastutil/ints/IntBidirectionalIterator
Event: 27.574 loading class it/unimi/dsi/fastutil/ints/IntBidirectionalIterator done
Event: 27.575 loading class it/unimi/dsi/fastutil/objects/ObjectBidirectionalIterator
Event: 27.575 loading class it/unimi/dsi/fastutil/objects/ObjectBidirectionalIterator done
Event: 27.575 loading class it/unimi/dsi/fastutil/objects/ObjectIterator
Event: 27.575 loading class it/unimi/dsi/fastutil/objects/ObjectIterator done
Event: 27.575 loading class it/unimi/dsi/fastutil/BidirectionalIterator
Event: 27.575 loading class it/unimi/dsi/fastutil/BidirectionalIterator done
Event: 27.576 loading class it/unimi/dsi/fastutil/ints/IntArraySet
Event: 27.576 loading class it/unimi/dsi/fastutil/ints/IntArraySet done
Event: 27.577 loading class it/unimi/dsi/fastutil/ints/IntArrays
Event: 27.577 loading class it/unimi/dsi/fastutil/ints/IntArrays done


Dynamic libraries:
0x00007ff629b10000 - 0x00007ff629b1a000 	C:\Program Files\Android\Android Studio\jre\bin\java.exe
0x00007fffdb3b0000 - 0x00007fffdb5a5000 	C:\WINDOWS\SYSTEM32\ntdll.dll
0x00007fffd9c20000 - 0x00007fffd9cdd000 	C:\WINDOWS\System32\KERNEL32.DLL
0x00007fffd8e00000 - 0x00007fffd90cd000 	C:\WINDOWS\System32\KERNELBASE.dll
0x00007fffd8ac0000 - 0x00007fffd8bc0000 	C:\WINDOWS\System32\ucrtbase.dll
0x00007fffc8890000 - 0x00007fffc88a7000 	C:\Program Files\Android\Android Studio\jre\bin\VCRUNTIME140.dll
0x00007fffb4e70000 - 0x00007fffb4e89000 	C:\Program Files\Android\Android Studio\jre\bin\jli.dll
0x00007fffdac50000 - 0x00007fffdadf0000 	C:\WINDOWS\System32\USER32.dll
0x00007fffd93d0000 - 0x00007fffd93f2000 	C:\WINDOWS\System32\win32u.dll
0x00007fffb8360000 - 0x00007fffb85fa000 	C:\WINDOWS\WinSxS\amd64_microsoft.windows.common-controls_6595b64144ccf1df_6.0.19041.1110_none_60b5254171f9507e\COMCTL32.dll
0x00007fffd9ce0000 - 0x00007fffd9d0a000 	C:\WINDOWS\System32\GDI32.dll
0x00007fffd8c60000 - 0x00007fffd8d6b000 	C:\WINDOWS\System32\gdi32full.dll
0x00007fffda920000 - 0x00007fffda9be000 	C:\WINDOWS\System32\msvcrt.dll
0x00007fffd8bc0000 - 0x00007fffd8c5d000 	C:\WINDOWS\System32\msvcp_win.dll
0x00007fffdab00000 - 0x00007fffdab30000 	C:\WINDOWS\System32\IMM32.DLL
0x00007fff961a0000 - 0x00007fff9623d000 	C:\Program Files\Android\Android Studio\jre\bin\msvcp140.dll
0x00007fff56f40000 - 0x00007fff57a25000 	C:\Program Files\Android\Android Studio\jre\bin\server\jvm.dll
0x00007fffda870000 - 0x00007fffda91e000 	C:\WINDOWS\System32\ADVAPI32.dll
0x00007fffd9b20000 - 0x00007fffd9bbc000 	C:\WINDOWS\System32\sechost.dll
0x00007fffd9400000 - 0x00007fffd9525000 	C:\WINDOWS\System32\RPCRT4.dll
0x00007fffdaaf0000 - 0x00007fffdaaf8000 	C:\WINDOWS\System32\PSAPI.DLL
0x00007fffb4660000 - 0x00007fffb4669000 	C:\WINDOWS\SYSTEM32\WSOCK32.dll
0x00007fffba510000 - 0x00007fffba537000 	C:\WINDOWS\SYSTEM32\WINMM.dll
0x00007fffc7ee0000 - 0x00007fffc7eea000 	C:\WINDOWS\SYSTEM32\VERSION.dll
0x00007fffda750000 - 0x00007fffda7bb000 	C:\WINDOWS\System32\WS2_32.dll
0x00007fffd7350000 - 0x00007fffd7362000 	C:\WINDOWS\SYSTEM32\kernel.appcore.dll
0x00007fffb3900000 - 0x00007fffb3911000 	C:\Program Files\Android\Android Studio\jre\bin\verify.dll
0x00007fffd7140000 - 0x00007fffd7324000 	C:\WINDOWS\SYSTEM32\DBGHELP.DLL
0x00007fffbed00000 - 0x00007fffbed2c000 	C:\WINDOWS\SYSTEM32\dbgcore.DLL
0x00007fffd8d70000 - 0x00007fffd8df2000 	C:\WINDOWS\System32\bcryptPrimitives.dll
0x00007fffb1170000 - 0x00007fffb1199000 	C:\Program Files\Android\Android Studio\jre\bin\java.dll
0x00007fffb32d0000 - 0x00007fffb32db000 	C:\Program Files\Android\Android Studio\jre\bin\jimage.dll
0x00007fffb13e0000 - 0x00007fffb13f8000 	C:\Program Files\Android\Android Studio\jre\bin\zip.dll
0x00007fffda000000 - 0x00007fffda744000 	C:\WINDOWS\System32\SHELL32.dll
0x00007fffd68d0000 - 0x00007fffd7064000 	C:\WINDOWS\SYSTEM32\windows.storage.dll
0x00007fffdb000000 - 0x00007fffdb354000 	C:\WINDOWS\System32\combase.dll
0x00007fffd8520000 - 0x00007fffd854c000 	C:\WINDOWS\SYSTEM32\Wldp.dll
0x00007fffda7c0000 - 0x00007fffda86d000 	C:\WINDOWS\System32\SHCORE.dll
0x00007fffd9bc0000 - 0x00007fffd9c15000 	C:\WINDOWS\System32\shlwapi.dll
0x00007fffd8a00000 - 0x00007fffd8a1f000 	C:\WINDOWS\SYSTEM32\profapi.dll
0x00007fffb1250000 - 0x00007fffb126a000 	C:\Program Files\Android\Android Studio\jre\bin\net.dll
0x00007fffcff40000 - 0x00007fffd004a000 	C:\WINDOWS\SYSTEM32\WINHTTP.dll
0x00007fffd8280000 - 0x00007fffd82ea000 	C:\WINDOWS\system32\mswsock.dll
0x00007fffab3c0000 - 0x00007fffab3d4000 	C:\Program Files\Android\Android Studio\jre\bin\nio.dll
0x00007fffb11e0000 - 0x00007fffb1207000 	C:\Users\kasra\.gradle\native\e1d6ef7f7dcc3fd88c89a11ec53ec762bb8ba0a96d01ffa2cd45eb1d1d8dd5c5\windows-amd64\native-platform.dll
0x00007fff8cf80000 - 0x00007fff8d0c4000 	C:\Users\kasra\.gradle\native\5664cfc778a61ccfe75a443a1ab52a65af34e5dc3c78e0209fed803814484fcb\windows-amd64\native-platform-file-events.dll
0x00007fffb12a0000 - 0x00007fffb12aa000 	C:\Program Files\Android\Android Studio\jre\bin\management.dll
0x00007fffabdd0000 - 0x00007fffabddd000 	C:\Program Files\Android\Android Studio\jre\bin\management_ext.dll
0x00007fffd8470000 - 0x00007fffd8488000 	C:\WINDOWS\SYSTEM32\CRYPTSP.dll
0x00007fffd7b90000 - 0x00007fffd7bc4000 	C:\WINDOWS\system32\rsaenh.dll
0x00007fffd90d0000 - 0x00007fffd90f7000 	C:\WINDOWS\System32\bcrypt.dll
0x00007fffd8980000 - 0x00007fffd89ae000 	C:\WINDOWS\SYSTEM32\USERENV.dll
0x00007fffd8490000 - 0x00007fffd849c000 	C:\WINDOWS\SYSTEM32\CRYPTBASE.dll
0x00007fffd7f20000 - 0x00007fffd7f5b000 	C:\WINDOWS\SYSTEM32\IPHLPAPI.DLL
0x00007fffdb360000 - 0x00007fffdb368000 	C:\WINDOWS\System32\NSI.dll
0x00007fffc8080000 - 0x00007fffc8097000 	C:\WINDOWS\SYSTEM32\dhcpcsvc6.DLL
0x00007fffc8150000 - 0x00007fffc816d000 	C:\WINDOWS\SYSTEM32\dhcpcsvc.DLL
0x00007fffd7f70000 - 0x00007fffd803b000 	C:\WINDOWS\SYSTEM32\DNSAPI.dll

dbghelp: loaded successfully - version: 4.0.5 - missing functions: none
symbol engine: initialized successfully - sym options: 0x614 - pdb path: .;C:\Program Files\Android\Android Studio\jre\bin;C:\WINDOWS\SYSTEM32;C:\WINDOWS\WinSxS\amd64_microsoft.windows.common-controls_6595b64144ccf1df_6.0.19041.1110_none_60b5254171f9507e;C:\Program Files\Android\Android Studio\jre\bin\server;C:\Users\kasra\.gradle\native\e1d6ef7f7dcc3fd88c89a11ec53ec762bb8ba0a96d01ffa2cd45eb1d1d8dd5c5\windows-amd64;C:\Users\kasra\.gradle\native\5664cfc778a61ccfe75a443a1ab52a65af34e5dc3c78e0209fed803814484fcb\windows-amd64

VM Arguments:
jvm_args: --add-opens=java.base/java.util=ALL-UNNAMED --add-opens=java.base/java.lang=ALL-UNNAMED --add-opens=java.base/java.lang.invoke=ALL-UNNAMED --add-opens=java.base/java.util=ALL-UNNAMED --add-opens=java.prefs/java.util.prefs=ALL-UNNAMED --add-opens=java.prefs/java.util.prefs=ALL-UNNAMED --add-opens=java.base/java.nio.charset=ALL-UNNAMED --add-opens=java.base/java.net=ALL-UNNAMED --add-opens=java.base/java.util.concurrent.atomic=ALL-UNNAMED -Xmx2048m -Dfile.encoding=UTF-8 -Duser.country=CA -Duser.language=en -Duser.variant 
java_command: org.gradle.launcher.daemon.bootstrap.GradleDaemon 7.3.3
java_class_path (initial): C:\Users\kasra\.gradle\wrapper\dists\gradle-7.3.3-bin\6a41zxkdtcxs8rphpq6y0069z\gradle-7.3.3\lib\gradle-launcher-7.3.3.jar
Launcher Type: SUN_STANDARD

[Global flags]
     intx CICompilerCount                          = 3                                         {product} {ergonomic}
     uint ConcGCThreads                            = 1                                         {product} {ergonomic}
     uint G1ConcRefinementThreads                  = 4                                         {product} {ergonomic}
   size_t G1HeapRegionSize                         = 1048576                                   {product} {ergonomic}
    uintx GCDrainStackTargetSize                   = 64                                        {product} {ergonomic}
   size_t InitialHeapSize                          = 134217728                                 {product} {ergonomic}
   size_t MarkStackSize                            = 4194304                                   {product} {ergonomic}
   size_t MaxHeapSize                              = 2147483648                                {product} {command line}
   size_t MaxNewSize                               = 1287651328                                {product} {ergonomic}
   size_t MinHeapDeltaBytes                        = 1048576                                   {product} {ergonomic}
    uintx NonNMethodCodeHeapSize                   = 5830732                                {pd product} {ergonomic}
    uintx NonProfiledCodeHeapSize                  = 122913754                              {pd product} {ergonomic}
    uintx ProfiledCodeHeapSize                     = 122913754                              {pd product} {ergonomic}
    uintx ReservedCodeCacheSize                    = 251658240                              {pd product} {ergonomic}
     bool SegmentedCodeCache                       = true                                      {product} {ergonomic}
     bool UseCompressedClassPointers               = true                                 {lp64_product} {ergonomic}
     bool UseCompressedOops                        = true                                 {lp64_product} {ergonomic}
     bool UseG1GC                                  = true                                      {product} {ergonomic}
     bool UseLargePagesIndividualAllocation        = false                                  {pd product} {ergonomic}

Logging:
Log output configuration:
 #0: stdout all=warning uptime,level,tags
 #1: stderr all=off uptime,level,tags

Environment Variables:
PATH=C:\Program Files\Common Files\Oracle\Java\javapath;C:\Program Files (x86)\Intel\Intel(R) Management Engine Components\iCLS\;C:\Program Files\Intel\Intel(R) Management Engine Components\iCLS\;C:\WINDOWS\system32;C:\WINDOWS;C:\WINDOWS\System32\Wbem;C:\WINDOWS\System32\WindowsPowerShell\v1.0\;C:\WINDOWS\System32\OpenSSH\;C:\Program Files (x86)\Intel\Intel(R) Management Engine Components\DAL;C:\Program Files\Intel\Intel(R) Management Engine Components\DAL;C:\Program Files\Intel\WiFi\bin\;C:\Program Files\Common Files\Intel\WirelessCommon\;C:\Program Files\PuTTY\;C:\Program Files (x86)\Microsoft SQL Server\150\Tools\Binn\;C:\Program Files\Microsoft SQL Server\150\Tools\Binn\;C:\Program Files (x86)\Microsoft SQL Server\150\DTS\Binn\;C:\Program Files\Microsoft SQL Server\150\DTS\Binn\;C:\Program Files\Microsoft SQL Server\Client SDK\ODBC\170\Tools\Binn\;C:\Program Files\Azure Data Studio\bin;C:\Program Files\MySQL\MySQL Shell 8.0\bin\;C:\Program Files\Java\jdk-17.0.1\bin;;C:\Program Files\Azure Data Studio\bin
USERNAME=kasra
OS=Windows_NT
PROCESSOR_IDENTIFIER=Intel64 Family 6 Model 142 Stepping 9, GenuineIntel



---------------  S Y S T E M  ---------------

OS: Windows 10 , 64 bit Build 19041 (10.0.19041.1706)
OS uptime: 2 days 19:03 hours

CPU:total 4 (initial active 4) (2 cores per cpu, 2 threads per core) family 6 model 142 stepping 9 microcode 0xec, cmov, cx8, fxsr, mmx, sse, sse2, sse3, ssse3, sse4.1, sse4.2, popcnt, avx, avx2, aes, clmul, erms, 3dnowpref, lzcnt, ht, tsc, tscinvbit, bmi1, bmi2, adx, fma

Memory: 4k page, system-wide physical 8066M (391M free)
TotalPageFile size 32642M (AvailPageFile size 2M)
current process WorkingSet (physical memory assigned to process): 378M, peak: 397M
current process commit charge ("private bytes"): 423M, peak: 426M

vm_info: OpenJDK 64-Bit Server VM (11.0.12+7-b1504.28-7817840) for windows-amd64 JRE (11.0.12+7-b1504.28-7817840), built on Oct 13 2021 22:12:33 by "builder" with MS VC++ 14.0 (VS2015)

END.
